2023-05-26 14:57:18,195:INFO:PyCaret Supervised Module
2023-05-26 14:57:18,206:INFO:ML Usecase: classification
2023-05-26 14:57:18,207:INFO:version 2.3.10
2023-05-26 14:57:18,207:INFO:Initializing setup()
2023-05-26 14:57:18,210:INFO:setup(target=made_purchase, ml_usecase=classification, available_plots={'parameter': 'Hyperparameters', 'auc': 'AUC', 'confusion_matrix': 'Confusion Matrix', 'threshold': 'Threshold', 'pr': 'Precision Recall', 'error': 'Prediction Error', 'class_report': 'Class Report', 'rfe': 'Feature Selection', 'learning': 'Learning Curve', 'manifold': 'Manifold Learning', 'calibration': 'Calibration Curve', 'vc': 'Validation Curve', 'dimension': 'Dimensions', 'feature': 'Feature Importance', 'feature_all': 'Feature Importance (All)', 'boundary': 'Decision Boundary', 'lift': 'Lift Chart', 'gain': 'Gain Chart', 'tree': 'Decision Tree', 'ks': 'KS Statistic Plot'}, train_size=0.8, test_data=None, preprocess=True, imputation_type=simple, iterative_imputation_iters=5, categorical_features=None, categorical_imputation=constant, categorical_iterative_imputer=lightgbm, ordinal_features=None, high_cardinality_features=None, high_cardinality_method=frequency, numeric_features=None, numeric_imputation=mean, numeric_iterative_imputer=lightgbm, date_features=None, ignore_features=None, normalize=False, normalize_method=zscore, transformation=False, transformation_method=yeo-johnson, handle_unknown_categorical=True, unknown_categorical_method=least_frequent, pca=False, pca_method=linear, pca_components=None, ignore_low_variance=False, combine_rare_levels=False, rare_level_threshold=0.1, bin_numeric_features=None, remove_outliers=False, outliers_threshold=0.05, remove_multicollinearity=False, multicollinearity_threshold=0.9, remove_perfect_collinearity=True, create_clusters=False, cluster_iter=20, polynomial_features=False, polynomial_degree=2, trigonometry_features=False, polynomial_threshold=0.1, group_features=None, group_names=None, feature_selection=False, feature_selection_threshold=0.8, feature_selection_method=classic, feature_interaction=False, feature_ratio=False, interaction_threshold=0.01, fix_imbalance=False, fix_imbalance_method=None, transform_target=False, transform_target_method=box-cox, data_split_shuffle=True, data_split_stratify=False, fold_strategy=stratifiedkfold, fold=10, fold_shuffle=False, fold_groups=None, n_jobs=-1, use_gpu=False, custom_pipeline=None, html=True, session_id=123, log_experiment=False, experiment_name=None, experiment_custom_tags=None, log_plots=False, log_profile=False, log_data=False, silent=False, verbose=True, profile=False, profile_kwargs=None, display=None)
2023-05-26 14:57:18,212:INFO:Checking environment
2023-05-26 14:57:18,215:INFO:python_version: 3.7.1
2023-05-26 14:57:18,216:INFO:python_build: ('default', 'Dec 14 2018 13:28:58')
2023-05-26 14:57:18,216:INFO:machine: x86_64
2023-05-26 14:57:18,221:INFO:platform: Darwin-21.6.0-x86_64-i386-64bit
2023-05-26 14:57:18,221:INFO:Memory: svmem(total=8589934592, available=1948393472, percent=77.3, used=3974651904, free=17100800, active=1935892480, inactive=1929928704, wired=2038759424)
2023-05-26 14:57:18,222:INFO:Physical Core: 2
2023-05-26 14:57:18,222:INFO:Logical Core: 4
2023-05-26 14:57:18,223:INFO:Checking libraries
2023-05-26 14:57:18,223:INFO:pd==1.1.5
2023-05-26 14:57:18,223:INFO:numpy==1.19.5
2023-05-26 14:57:18,223:INFO:sklearn==0.23.2
2023-05-26 14:57:18,224:INFO:lightgbm==3.3.5
2023-05-26 14:57:20,319:INFO:catboost==1.1.1
2023-05-26 14:57:20,319:INFO:xgboost==1.6.2
2023-05-26 14:57:20,319:INFO:mlflow==1.28.0
2023-05-26 14:57:20,319:INFO:Checking Exceptions
2023-05-26 14:57:20,320:INFO:Declaring global variables
2023-05-26 14:57:20,320:INFO:USI: 730f
2023-05-26 14:57:20,320:INFO:pycaret_globals: {'iterative_imputation_iters_param', 'y_test', 'y', 'html_param', '_all_models', 'log_plots_param', '_internal_pipeline', 'imputation_classifier', 'logging_param', 'y_train', 'gpu_param', 'fix_imbalance_method_param', 'n_jobs_param', 'pycaret_globals', 'transform_target_method_param', 'master_model_container', 'fold_param', '_all_metrics', '_available_plots', 'fold_groups_param', 'experiment__', 'create_model_container', 'stratify_param', 'X', '_all_models_internal', 'seed', 'display_container', '_ml_usecase', 'exp_name_log', 'fold_shuffle_param', 'data_before_preprocess', 'fold_generator', 'X_train', 'dashboard_logger', '_gpu_n_jobs_param', 'X_test', 'transform_target_param', 'fold_groups_param_full', 'imputation_regressor', 'target_param', 'prep_pipe', 'fix_imbalance_param', 'USI'}
2023-05-26 14:57:20,321:INFO:Preparing display monitor
2023-05-26 14:57:20,321:INFO:Preparing display monitor
2023-05-26 14:57:20,450:INFO:Importing libraries
2023-05-26 14:57:20,451:INFO:Copying data for preprocessing
2023-05-26 14:57:20,557:INFO:Declaring preprocessing parameters
2023-05-26 14:57:20,573:INFO:Creating preprocessing pipeline
2023-05-26 14:57:20,638:INFO:Preprocessing pipeline created successfully
2023-05-26 14:57:20,639:ERROR:(Process Exit): setup has been interupted with user command 'quit'. setup must rerun.
2023-05-26 14:57:20,639:INFO:Creating global containers
2023-05-26 14:57:20,646:INFO:Internal pipeline: Pipeline(memory=None, steps=[('empty_step', 'passthrough')], verbose=False)
2023-05-26 14:57:54,635:INFO:Creating grid variables
2023-05-26 14:57:54,724:INFO:create_model_container: 0
2023-05-26 14:57:54,724:INFO:master_model_container: 0
2023-05-26 14:57:54,728:INFO:display_container: 1
2023-05-26 14:57:54,756:INFO:Pipeline(memory=None,
         steps=[('dtypes',
                 DataTypes_Auto_infer(categorical_features=[],
                                      display_types=True, features_todrop=[],
                                      id_columns=[],
                                      ml_usecase='classification',
                                      numerical_features=[],
                                      target='made_purchase',
                                      time_features=[])),
                ('imputer',
                 Simple_Imputer(categorical_strategy='not_available',
                                fill_value_categorical=None,
                                fill_value_numerical=None,
                                numeri...
                ('scaling', 'passthrough'), ('P_transform', 'passthrough'),
                ('binn', 'passthrough'), ('rem_outliers', 'passthrough'),
                ('cluster_all', 'passthrough'),
                ('dummy', Dummify(target='made_purchase')),
                ('fix_perfect', Remove_100(target='made_purchase')),
                ('clean_names', Clean_Colum_Names()),
                ('feature_select', 'passthrough'), ('fix_multi', 'passthrough'),
                ('dfs', 'passthrough'), ('pca', 'passthrough')],
         verbose=False)
2023-05-26 14:57:54,756:INFO:setup() succesfully completed......................................
2023-05-26 15:00:38,277:INFO:Initializing create_model()
2023-05-26 15:00:38,279:INFO:create_model(estimator=xgboost, fold=None, round=4, cross_validation=True, predict=True, fit_kwargs=None, groups=None, refit=True, verbose=True, system=True, metrics=None, experiment_custom_tags=None, add_to_model_list=True, probability_threshold=None, display=None, return_train_score=False, kwargs={})
2023-05-26 15:00:38,279:INFO:Checking exceptions
2023-05-26 15:00:38,280:INFO:Preparing display monitor
2023-05-26 15:00:38,375:INFO:Importing libraries
2023-05-26 15:00:38,376:INFO:Copying training dataset
2023-05-26 15:00:38,419:INFO:Defining folds
2023-05-26 15:00:38,422:INFO:Declaring metric variables
2023-05-26 15:00:38,449:INFO:Importing untrained model
2023-05-26 15:00:38,600:INFO:Extreme Gradient Boosting Imported succesfully
2023-05-26 15:00:38,692:INFO:Starting cross validation
2023-05-26 15:00:38,697:INFO:Cross validating with StratifiedKFold(n_splits=10, random_state=None, shuffle=False), n_jobs=-1
2023-05-26 15:02:39,775:INFO:Calculating mean and std
2023-05-26 15:02:39,779:INFO:Creating metrics dataframe
2023-05-26 15:02:39,821:INFO:Finalizing model
2023-05-26 15:02:48,590:INFO:Uploading results into container
2023-05-26 15:02:48,590:INFO:Uploading model into container now
2023-05-26 15:02:48,632:INFO:create_model_container: 1
2023-05-26 15:02:48,632:INFO:master_model_container: 1
2023-05-26 15:02:48,632:INFO:display_container: 2
2023-05-26 15:02:48,640:INFO:XGBClassifier(base_score=0.5, booster='gbtree', callbacks=None,
              colsample_bylevel=1, colsample_bynode=1, colsample_bytree=1,
              early_stopping_rounds=None, enable_categorical=False,
              eval_metric=None, gamma=0, gpu_id=-1, grow_policy='depthwise',
              importance_type=None, interaction_constraints='',
              learning_rate=0.300000012, max_bin=256, max_cat_to_onehot=4,
              max_delta_step=0, max_depth=6, max_leaves=0, min_child_weight=1,
              missing=nan, monotone_constraints='()', n_estimators=100,
              n_jobs=-1, num_parallel_tree=1, objective='binary:logistic',
              predictor='auto', random_state=123, reg_alpha=0, ...)
2023-05-26 15:02:48,640:INFO:create_model() succesfully completed......................................
2023-05-26 15:06:40,669:INFO:Initializing finalize_model()
2023-05-26 15:06:40,670:INFO:finalize_model(estimator=XGBClassifier(base_score=0.5, booster='gbtree', callbacks=None,
              colsample_bylevel=1, colsample_bynode=1, colsample_bytree=1,
              early_stopping_rounds=None, enable_categorical=False,
              eval_metric=None, gamma=0, gpu_id=-1, grow_policy='depthwise',
              importance_type=None, interaction_constraints='',
              learning_rate=0.300000012, max_bin=256, max_cat_to_onehot=4,
              max_delta_step=0, max_depth=6, max_leaves=0, min_child_weight=1,
              missing=nan, monotone_constraints='()', n_estimators=100,
              n_jobs=-1, num_parallel_tree=1, objective='binary:logistic',
              predictor='auto', random_state=123, reg_alpha=0, ...), fit_kwargs=None, groups=None, model_only=True, display=None, experiment_custom_tags=None, return_train_score=False)
2023-05-26 15:06:40,676:INFO:Finalizing XGBClassifier(base_score=0.5, booster='gbtree', callbacks=None,
              colsample_bylevel=1, colsample_bynode=1, colsample_bytree=1,
              early_stopping_rounds=None, enable_categorical=False,
              eval_metric=None, gamma=0, gpu_id=-1, grow_policy='depthwise',
              importance_type=None, interaction_constraints='',
              learning_rate=0.300000012, max_bin=256, max_cat_to_onehot=4,
              max_delta_step=0, max_depth=6, max_leaves=0, min_child_weight=1,
              missing=nan, monotone_constraints='()', n_estimators=100,
              n_jobs=-1, num_parallel_tree=1, objective='binary:logistic',
              predictor='auto', random_state=123, reg_alpha=0, ...)
2023-05-26 15:06:40,682:INFO:Initializing create_model()
2023-05-26 15:06:40,682:INFO:create_model(estimator=XGBClassifier(base_score=0.5, booster='gbtree', callbacks=None,
              colsample_bylevel=1, colsample_bynode=1, colsample_bytree=1,
              early_stopping_rounds=None, enable_categorical=False,
              eval_metric=None, gamma=0, gpu_id=-1, grow_policy='depthwise',
              importance_type=None, interaction_constraints='',
              learning_rate=0.300000012, max_bin=256, max_cat_to_onehot=4,
              max_delta_step=0, max_depth=6, max_leaves=0, min_child_weight=1,
              missing=nan, monotone_constraints='()', n_estimators=100,
              n_jobs=-1, num_parallel_tree=1, objective='binary:logistic',
              predictor='auto', random_state=123, reg_alpha=0, ...), fold=None, round=4, cross_validation=True, predict=True, fit_kwargs={}, groups=None, refit=True, verbose=False, system=False, metrics=None, experiment_custom_tags=None, add_to_model_list=False, probability_threshold=None, display=None, return_train_score=False, kwargs={})
2023-05-26 15:06:40,683:INFO:Checking exceptions
2023-05-26 15:06:40,683:INFO:Importing libraries
2023-05-26 15:06:40,683:INFO:Copying training dataset
2023-05-26 15:06:40,740:INFO:Defining folds
2023-05-26 15:06:40,740:INFO:Declaring metric variables
2023-05-26 15:06:40,740:INFO:Importing untrained model
2023-05-26 15:06:40,740:INFO:Declaring custom model
2023-05-26 15:06:40,745:INFO:Extreme Gradient Boosting Imported succesfully
2023-05-26 15:06:40,746:INFO:Starting cross validation
2023-05-26 15:06:40,747:INFO:Cross validating with StratifiedKFold(n_splits=10, random_state=None, shuffle=False), n_jobs=-1
2023-05-26 15:08:24,366:INFO:Calculating mean and std
2023-05-26 15:08:24,370:INFO:Creating metrics dataframe
2023-05-26 15:08:24,375:INFO:Finalizing model
2023-05-26 15:08:35,338:INFO:create_model_container: 1
2023-05-26 15:08:35,338:INFO:master_model_container: 1
2023-05-26 15:08:35,338:INFO:display_container: 3
2023-05-26 15:08:35,341:INFO:XGBClassifier(base_score=0.5, booster='gbtree', callbacks=None,
              colsample_bylevel=1, colsample_bynode=1, colsample_bytree=1,
              early_stopping_rounds=None, enable_categorical=False,
              eval_metric=None, gamma=0, gpu_id=-1, grow_policy='depthwise',
              importance_type=None, interaction_constraints='',
              learning_rate=0.300000012, max_bin=256, max_cat_to_onehot=4,
              max_delta_step=0, max_depth=6, max_leaves=0, min_child_weight=1,
              missing=nan, monotone_constraints='()', n_estimators=100,
              n_jobs=-1, num_parallel_tree=1, objective='binary:logistic',
              predictor='auto', random_state=123, reg_alpha=0, ...)
2023-05-26 15:08:35,341:INFO:create_model() succesfully completed......................................
2023-05-26 15:08:35,458:INFO:create_model_container: 1
2023-05-26 15:08:35,458:INFO:master_model_container: 1
2023-05-26 15:08:35,458:INFO:display_container: 2
2023-05-26 15:08:35,461:INFO:XGBClassifier(base_score=0.5, booster='gbtree', callbacks=None,
              colsample_bylevel=1, colsample_bynode=1, colsample_bytree=1,
              early_stopping_rounds=None, enable_categorical=False,
              eval_metric=None, gamma=0, gpu_id=-1, grow_policy='depthwise',
              importance_type=None, interaction_constraints='',
              learning_rate=0.300000012, max_bin=256, max_cat_to_onehot=4,
              max_delta_step=0, max_depth=6, max_leaves=0, min_child_weight=1,
              missing=nan, monotone_constraints='()', n_estimators=100,
              n_jobs=-1, num_parallel_tree=1, objective='binary:logistic',
              predictor='auto', random_state=123, reg_alpha=0, ...)
2023-05-26 15:08:35,461:INFO:finalize_model() succesfully completed......................................
2023-05-26 15:12:25,575:INFO:Initializing predict_model()
2023-05-26 15:12:25,576:INFO:predict_model(estimator=XGBClassifier(base_score=0.5, booster='gbtree', callbacks=None,
              colsample_bylevel=1, colsample_bynode=1, colsample_bytree=1,
              early_stopping_rounds=None, enable_categorical=False,
              eval_metric=None, gamma=0, gpu_id=-1, grow_policy='depthwise',
              importance_type=None, interaction_constraints='',
              learning_rate=0.300000012, max_bin=256, max_cat_to_onehot=4,
              max_delta_step=0, max_depth=6, max_leaves=0, min_child_weight=1,
              missing=nan, monotone_constraints='()', n_estimators=100,
              n_jobs=-1, num_parallel_tree=1, objective='binary:logistic',
              predictor='auto', random_state=123, reg_alpha=0, ...), probability_threshold=None, encoded_labels=False, drift_report=False, raw_score=False, round=4, verbose=True, ml_usecase=MLUsecase.CLASSIFICATION, display=None, drift_kwargs=None)
2023-05-26 15:12:25,576:INFO:Checking exceptions
2023-05-26 15:12:25,576:INFO:Preloading libraries
2023-05-26 15:12:25,577:INFO:Preparing display monitor
2023-05-26 15:12:58,000:INFO:Initializing predict_model()
2023-05-26 15:12:58,000:INFO:predict_model(estimator=XGBClassifier(base_score=0.5, booster='gbtree', callbacks=None,
              colsample_bylevel=1, colsample_bynode=1, colsample_bytree=1,
              early_stopping_rounds=None, enable_categorical=False,
              eval_metric=None, gamma=0, gpu_id=-1, grow_policy='depthwise',
              importance_type=None, interaction_constraints='',
              learning_rate=0.300000012, max_bin=256, max_cat_to_onehot=4,
              max_delta_step=0, max_depth=6, max_leaves=0, min_child_weight=1,
              missing=nan, monotone_constraints='()', n_estimators=100,
              n_jobs=-1, num_parallel_tree=1, objective='binary:logistic',
              predictor='auto', random_state=123, reg_alpha=0, ...), probability_threshold=None, encoded_labels=False, drift_report=False, raw_score=True, round=4, verbose=True, ml_usecase=MLUsecase.CLASSIFICATION, display=None, drift_kwargs=None)
2023-05-26 15:12:58,001:INFO:Checking exceptions
2023-05-26 15:12:58,001:INFO:Preloading libraries
2023-05-26 15:12:58,001:INFO:Preparing display monitor
2023-05-26 15:18:02,605:INFO:Initializing save_model()
2023-05-26 15:18:02,606:INFO:save_model(model=XGBClassifier(base_score=0.5, booster='gbtree', callbacks=None,
              colsample_bylevel=1, colsample_bynode=1, colsample_bytree=1,
              early_stopping_rounds=None, enable_categorical=False,
              eval_metric=None, gamma=0, gpu_id=-1, grow_policy='depthwise',
              importance_type=None, interaction_constraints='',
              learning_rate=0.300000012, max_bin=256, max_cat_to_onehot=4,
              max_delta_step=0, max_depth=6, max_leaves=0, min_child_weight=1,
              missing=nan, monotone_constraints='()', n_estimators=100,
              n_jobs=-1, num_parallel_tree=1, objective='binary:logistic',
              predictor='auto', random_state=123, reg_alpha=0, ...), model_name=00_jumpstart/models/xgb_model_finalized, prep_pipe_=Pipeline(memory=None,
         steps=[('dtypes',
                 DataTypes_Auto_infer(categorical_features=[],
                                      display_types=True, features_todrop=[],
                                      id_columns=[],
                                      ml_usecase='classification',
                                      numerical_features=[],
                                      target='made_purchase',
                                      time_features=[])),
                ('imputer',
                 Simple_Imputer(categorical_strategy='not_available',
                                fill_value_categorical=None,
                                fill_value_numerical=None,
                                numeri...
                ('scaling', 'passthrough'), ('P_transform', 'passthrough'),
                ('binn', 'passthrough'), ('rem_outliers', 'passthrough'),
                ('cluster_all', 'passthrough'),
                ('dummy', Dummify(target='made_purchase')),
                ('fix_perfect', Remove_100(target='made_purchase')),
                ('clean_names', Clean_Colum_Names()),
                ('feature_select', 'passthrough'), ('fix_multi', 'passthrough'),
                ('dfs', 'passthrough'), ('pca', 'passthrough')],
         verbose=False), verbose=True, kwargs={})
2023-05-26 15:18:02,606:INFO:Adding model into prep_pipe
2023-05-26 15:18:02,635:INFO:00_jumpstart/models/xgb_model_finalized.pkl saved in current working directory
2023-05-26 15:18:02,671:INFO:Pipeline(memory=None,
         steps=[('dtypes',
                 DataTypes_Auto_infer(categorical_features=[],
                                      display_types=True, features_todrop=[],
                                      id_columns=[],
                                      ml_usecase='classification',
                                      numerical_features=[],
                                      target='made_purchase',
                                      time_features=[])),
                ('imputer',
                 Simple_Imputer(categorical_strategy='not_available',
                                fill_value_categorical=None,
                                fill_value_numerical=None,
                                numeri...
                               gamma=0, gpu_id=-1, grow_policy='depthwise',
                               importance_type=None, interaction_constraints='',
                               learning_rate=0.300000012, max_bin=256,
                               max_cat_to_onehot=4, max_delta_step=0,
                               max_depth=6, max_leaves=0, min_child_weight=1,
                               missing=nan, monotone_constraints='()',
                               n_estimators=100, n_jobs=-1, num_parallel_tree=1,
                               objective='binary:logistic', predictor='auto',
                               random_state=123, reg_alpha=0, ...)]],
         verbose=False)
2023-05-26 15:18:02,673:INFO:save_model() successfully completed......................................
2023-05-26 15:23:00,254:INFO:Initializing load_model()
2023-05-26 15:23:00,256:INFO:load_model(model_name=00_jumpstart/models/xgb_model_finalized, platform=None, authentication=None, verbose=True)
